<?xml version="1.0" encoding="UTF-8" ?>
<testsuite failures="0" time="0.312" errors="0" skipped="0" tests="3" name="com.visionarysoftwaresolutions.reviewable.ReviewableTest">
  <properties>
[...]
</properties>
  <testcase time="0.115" classname="com.visionarysoftwaresolutions.reviewable.ReviewableTest" name="testDatedReview"/>
  <testcase time="0.004" classname="com.visionarysoftwaresolutions.reviewable.ReviewableTest" name="testRatedReview"/>
  <testcase time="0.004" classname="com.visionarysoftwaresolutions.reviewable.ReviewableTest" name="testReview"/>
</testsuite>